app/build/intermediates/manifest_merge_blame_file/debug/manifest-merger-blame-debug-report.txt
1<?xml version="1.0" encoding="utf-8"?>
2<manifest xmlns:android="http://schemas.android.com/apk/res/android"
3    package="com.yonastedela63.worldtime"
4    android:versionCode="1"
5    android:versionName="1.0" >
6
7    <uses-sdk
8        android:minSdkVersion="20"
8-->src\main\AndroidManifest.xml
9        android:targetSdkVersion="34" />
9-->src\main\AndroidManifest.xml
10
11    <uses-permission android:name="android.permission.INTERNET" />
11-->src\main\AndroidManifest.xml:5:5-67
11-->src\main\AndroidManifest.xml:5:22-64
12
13    <permission
13-->[androidx.core:core:1.9.0] AndroidManifest.xml:22:5-24:47
14        android:name="com.yonastedela63.worldtime.DYNAMIC_RECEIVER_NOT_EXPORTED_PERMISSION"
14-->[androidx.core:core:1.9.0] AndroidManifest.xml:23:9-81
15        android:protectionLevel="signature" />
15-->[androidx.core:core:1.9.0] AndroidManifest.xml:24:9-44
16
17    <uses-permission android:name="com.yonastedela63.worldtime.DYNAMIC_RECEIVER_NOT_EXPORTED_PERMISSION" />
17-->[androidx.core:core:1.9.0] AndroidManifest.xml:26:5-97
17-->[androidx.core:core:1.9.0] AndroidManifest.xml:26:22-94
18
19    <application
19-->src\main\AndroidManifest.xml:7:5-60:19
20        android:allowBackup="true"
20-->src\main\AndroidManifest.xml:8:9-35
21        android:appComponentFactory="androidx.core.app.CoreComponentFactory"
21-->[androidx.core:core:1.9.0] AndroidManifest.xml:28:18-86
22        android:dataExtractionRules="@xml/data_extraction_rules"
22-->src\main\AndroidManifest.xml:9:9-65
23        android:debuggable="true"
24        android:fullBackupContent="@xml/backup_rules"
24-->src\main\AndroidManifest.xml:10:9-54
25        android:icon="@drawable/world_time_logo"
25-->src\main\AndroidManifest.xml:11:9-49
26        android:label="@string/app_name"
26-->src\main\AndroidManifest.xml:12:9-41
27        android:networkSecurityConfig="@xml/network_security_config"
27-->src\main\AndroidManifest.xml:13:9-69
28        android:roundIcon="@drawable/world_time_logo"
28-->src\main\AndroidManifest.xml:14:9-54
29        android:supportsRtl="true"
29-->src\main\AndroidManifest.xml:15:9-35
30        android:testOnly="true"
31        android:theme="@style/Theme.WorldTime" >
31-->src\main\AndroidManifest.xml:16:9-47
32        <activity
32-->src\main\AndroidManifest.xml:18:9-24:20
33            android:name="com.yonastedela63.worldtime.pages.LocationRecycler"
33-->src\main\AndroidManifest.xml:19:13-51
34            android:exported="false" >
34-->src\main\AndroidManifest.xml:20:13-37
35            <meta-data
35-->src\main\AndroidManifest.xml:21:13-23:36
36                android:name="android.app.lib_name"
36-->src\main\AndroidManifest.xml:22:17-52
37                android:value="" />
37-->src\main\AndroidManifest.xml:23:17-33
38        </activity>
39        <activity
39-->src\main\AndroidManifest.xml:25:9-31:20
40            android:name="com.yonastedela63.worldtime.pages.CountryList"
40-->src\main\AndroidManifest.xml:26:13-46
41            android:exported="false" >
41-->src\main\AndroidManifest.xml:27:13-37
42            <meta-data
42-->src\main\AndroidManifest.xml:21:13-23:36
43                android:name="android.app.lib_name"
43-->src\main\AndroidManifest.xml:22:17-52
44                android:value="" />
44-->src\main\AndroidManifest.xml:23:17-33
45        </activity>
46        <activity
46-->src\main\AndroidManifest.xml:33:9-39:20
47            android:name="com.yonastedela63.worldtime.pages.Home"
47-->src\main\AndroidManifest.xml:34:13-39
48            android:exported="false" >
48-->src\main\AndroidManifest.xml:35:13-37
49            <meta-data
49-->src\main\AndroidManifest.xml:21:13-23:36
50                android:name="android.app.lib_name"
50-->src\main\AndroidManifest.xml:22:17-52
51                android:value="" />
51-->src\main\AndroidManifest.xml:23:17-33
52        </activity>
53        <activity
53-->src\main\AndroidManifest.xml:40:9-46:20
54            android:name="com.yonastedela63.worldtime.pages.Loading"
54-->src\main\AndroidManifest.xml:41:13-42
55            android:exported="false" >
55-->src\main\AndroidManifest.xml:42:13-37
56            <meta-data
56-->src\main\AndroidManifest.xml:21:13-23:36
57                android:name="android.app.lib_name"
57-->src\main\AndroidManifest.xml:22:17-52
58                android:value="" />
58-->src\main\AndroidManifest.xml:23:17-33
59        </activity>
60        <activity
60-->src\main\AndroidManifest.xml:47:9-59:20
61            android:name="com.yonastedela63.worldtime.MainActivity"
61-->src\main\AndroidManifest.xml:48:13-41
62            android:exported="true" >
62-->src\main\AndroidManifest.xml:49:13-36
63            <intent-filter>
63-->src\main\AndroidManifest.xml:50:13-54:29
64                <action android:name="android.intent.action.MAIN" />
64-->src\main\AndroidManifest.xml:51:17-69
64-->src\main\AndroidManifest.xml:51:25-66
65
66                <category android:name="android.intent.category.LAUNCHER" />
66-->src\main\AndroidManifest.xml:53:17-77
66-->src\main\AndroidManifest.xml:53:27-74
67            </intent-filter>
68
69            <meta-data
69-->src\main\AndroidManifest.xml:21:13-23:36
70                android:name="android.app.lib_name"
70-->src\main\AndroidManifest.xml:22:17-52
71                android:value="" />
71-->src\main\AndroidManifest.xml:23:17-33
72        </activity>
73
74        <provider
74-->[androidx.emoji2:emoji2:1.2.0] AndroidManifest.xml:24:9-32:20
75            android:name="androidx.startup.InitializationProvider"
75-->[androidx.emoji2:emoji2:1.2.0] AndroidManifest.xml:25:13-67
76            android:authorities="com.yonastedela63.worldtime.androidx-startup"
76-->[androidx.emoji2:emoji2:1.2.0] AndroidManifest.xml:26:13-68
77            android:exported="false" >
77-->[androidx.emoji2:emoji2:1.2.0] AndroidManifest.xml:27:13-37
78            <meta-data
78-->[androidx.emoji2:emoji2:1.2.0] AndroidManifest.xml:29:13-31:52
79                android:name="androidx.emoji2.text.EmojiCompatInitializer"
79-->[androidx.emoji2:emoji2:1.2.0] AndroidManifest.xml:30:17-75
80                android:value="androidx.startup" />
80-->[androidx.emoji2:emoji2:1.2.0] AndroidManifest.xml:31:17-49
81            <meta-data
81-->[androidx.lifecycle:lifecycle-process:2.6.1] AndroidManifest.xml:29:13-31:52
82                android:name="androidx.lifecycle.ProcessLifecycleInitializer"
82-->[androidx.lifecycle:lifecycle-process:2.6.1] AndroidManifest.xml:30:17-78
83                android:value="androidx.startup" />
83-->[androidx.lifecycle:lifecycle-process:2.6.1] AndroidManifest.xml:31:17-49
84            <meta-data
84-->[androidx.profileinstaller:profileinstaller:1.3.0] AndroidManifest.xml:29:13-31:52
85                android:name="androidx.profileinstaller.ProfileInstallerInitializer"
85-->[androidx.profileinstaller:profileinstaller:1.3.0] AndroidManifest.xml:30:17-85
86                android:value="androidx.startup" />
86-->[androidx.profileinstaller:profileinstaller:1.3.0] AndroidManifest.xml:31:17-49
87        </provider>
88
89        <receiver
89-->[androidx.profileinstaller:profileinstaller:1.3.0] AndroidManifest.xml:34:9-52:20
90            android:name="androidx.profileinstaller.ProfileInstallReceiver"
90-->[androidx.profileinstaller:profileinstaller:1.3.0] AndroidManifest.xml:35:13-76
91            android:directBootAware="false"
91-->[androidx.profileinstaller:profileinstaller:1.3.0] AndroidManifest.xml:36:13-44
92            android:enabled="true"
92-->[androidx.profileinstaller:profileinstaller:1.3.0] AndroidManifest.xml:37:13-35
93            android:exported="true"
93-->[androidx.profileinstaller:profileinstaller:1.3.0] AndroidManifest.xml:38:13-36
94            android:permission="android.permission.DUMP" >
94-->[androidx.profileinstaller:profileinstaller:1.3.0] AndroidManifest.xml:39:13-57
95            <intent-filter>
95-->[androidx.profileinstaller:profileinstaller:1.3.0] AndroidManifest.xml:40:13-42:29
96                <action android:name="androidx.profileinstaller.action.INSTALL_PROFILE" />
96-->[androidx.profileinstaller:profileinstaller:1.3.0] AndroidManifest.xml:41:17-91
96-->[androidx.profileinstaller:profileinstaller:1.3.0] AndroidManifest.xml:41:25-88
97            </intent-filter>
98            <intent-filter>
98-->[androidx.profileinstaller:profileinstaller:1.3.0] AndroidManifest.xml:43:13-45:29
99                <action android:name="androidx.profileinstaller.action.SKIP_FILE" />
99-->[androidx.profileinstaller:profileinstaller:1.3.0] AndroidManifest.xml:44:17-85
99-->[androidx.profileinstaller:profileinstaller:1.3.0] AndroidManifest.xml:44:25-82
100            </intent-filter>
101            <intent-filter>
101-->[androidx.profileinstaller:profileinstaller:1.3.0] AndroidManifest.xml:46:13-48:29
102                <action android:name="androidx.profileinstaller.action.SAVE_PROFILE" />
102-->[androidx.profileinstaller:profileinstaller:1.3.0] AndroidManifest.xml:47:17-88
102-->[androidx.profileinstaller:profileinstaller:1.3.0] AndroidManifest.xml:47:25-85
103            </intent-filter>
104            <intent-filter>
104-->[androidx.profileinstaller:profileinstaller:1.3.0] AndroidManifest.xml:49:13-51:29
105                <action android:name="androidx.profileinstaller.action.BENCHMARK_OPERATION" />
105-->[androidx.profileinstaller:profileinstaller:1.3.0] AndroidManifest.xml:50:17-95
105-->[androidx.profileinstaller:profileinstaller:1.3.0] AndroidManifest.xml:50:25-92
106            </intent-filter>
107        </receiver>
108    </application>
109
110</manifest>